<?xml version="1.0" encoding="UTF-8"?>
<!-- Generated by org.testng.reporters.JUnitReportReporter -->
<testsuite hostname="DESKTOP-4V0NSU7" failures="0" tests="1" name="com.ShopperStack_testScript.Tc_001_Verify_User_AbleTo_AddAddress_OrNot_Test" time="21.940" errors="0" timestamp="2024-11-18T09:49:22 IST" skipped="0">
  <testcase classname="com.ShopperStack_testScript.Tc_001_Verify_User_AbleTo_AddAddress_OrNot_Test" name="AddAddress" time="21.940"/>
</testsuite> <!-- com.ShopperStack_testScript.Tc_001_Verify_User_AbleTo_AddAddress_OrNot_Test -->
