<?xml version="1.0" encoding="UTF-8"?>
<!-- Generated by org.testng.reporters.JUnitReportReporter -->
<testsuite hostname="DESKTOP-4V0NSU7" failures="0" tests="1" name="com.ShopperStack_testScript.Tc_002_User_AbleToDelateAddress_Or_Not_Test" time="24.896" errors="0" timestamp="2024-11-18T09:48:38 IST" skipped="0">
  <testcase classname="com.ShopperStack_testScript.Tc_002_User_AbleToDelateAddress_Or_Not_Test" name="DelateAddress" time="24.896"/>
</testsuite> <!-- com.ShopperStack_testScript.Tc_002_User_AbleToDelateAddress_Or_Not_Test -->
