<?xml version="1.0" encoding="UTF-8"?>
<!-- Generated by org.testng.reporters.JUnitReportReporter -->
<testsuite hostname="DESKTOP-4V0NSU7" failures="0" tests="1" name="com.ShopperStack_testScript.Tc_001_User_AbleToDelateAddress_Or_Not" time="21.407" errors="0" timestamp="2024-11-16T09:07:27 IST" skipped="0">
  <testcase classname="com.ShopperStack_testScript.Tc_001_User_AbleToDelateAddress_Or_Not" name="DelateAddress" time="21.407"/>
</testsuite> <!-- com.ShopperStack_testScript.Tc_001_User_AbleToDelateAddress_Or_Not -->
