<?xml version="1.0" encoding="UTF-8"?>
<!-- Generated by org.testng.reporters.JUnitReportReporter -->
<testsuite hostname="DESKTOP-4V0NSU7" failures="0" tests="1" name="com.ShopperStack_testScript.Tc__003_UserAbleTo_OrderdProduct_OR_Not" time="28.414" errors="0" timestamp="2024-11-19T11:43:23 IST" skipped="0">
  <testcase classname="com.ShopperStack_testScript.Tc__003_UserAbleTo_OrderdProduct_OR_Not" name="OrdedOrder" time="28.414"/>
</testsuite> <!-- com.ShopperStack_testScript.Tc__003_UserAbleTo_OrderdProduct_OR_Not -->
